app/build/intermediates/manifest_merge_blame_file/debug/processDebugMainManifest/manifest-merger-blame-debug-report.txt
1<?xml version="1.0" encoding="utf-8"?>
2<manifest xmlns:android="http://schemas.android.com/apk/res/android"
3    package="com.cometchat.javasampleapp"
4    android:versionCode="11"
5    android:versionName="4.3.11" >
6
7    <uses-sdk
8        android:minSdkVersion="21"
9        android:targetSdkVersion="33" />
10
11    <uses-permission android:name="android.permission.INTERNET" />
11-->src\main\AndroidManifest.xml:5:5-67
11-->src\main\AndroidManifest.xml:5:22-64
12    <uses-permission
12-->src\main\AndroidManifest.xml:6:5-80
13        android:name="android.permission.READ_EXTERNAL_STORAGE"
13-->src\main\AndroidManifest.xml:6:22-77
14        android:maxSdkVersion="32" />
14-->[com.cometchat:chat-uikit-android:4.3.16] AndroidManifest.xml:20:9-35
15    <uses-permission android:name="android.permission.MANAGE_EXTERNAL_STORAGE" />
15-->src\main\AndroidManifest.xml:7:5-82
15-->src\main\AndroidManifest.xml:7:22-79
16    <uses-permission android:name="android.permission.WAKE_LOCK" />
16-->src\main\AndroidManifest.xml:8:5-68
16-->src\main\AndroidManifest.xml:8:22-65
17    <uses-permission android:name="android.permission.ACCESS_NETWORK_STATE" />
17-->[com.cometchat:chat-uikit-android:4.3.16] AndroidManifest.xml:10:5-79
17-->[com.cometchat:chat-uikit-android:4.3.16] AndroidManifest.xml:10:22-76
18    <uses-permission android:name="android.permission.CAMERA" />
18-->[com.cometchat:chat-uikit-android:4.3.16] AndroidManifest.xml:12:5-65
18-->[com.cometchat:chat-uikit-android:4.3.16] AndroidManifest.xml:12:22-62
19    <uses-permission android:name="android.permission.RECORD_AUDIO" />
19-->[com.cometchat:chat-uikit-android:4.3.16] AndroidManifest.xml:13:5-71
19-->[com.cometchat:chat-uikit-android:4.3.16] AndroidManifest.xml:13:22-68
20    <uses-permission android:name="android.permission.MODIFY_AUDIO_SETTINGS" />
20-->[com.cometchat:chat-uikit-android:4.3.16] AndroidManifest.xml:14:5-80
20-->[com.cometchat:chat-uikit-android:4.3.16] AndroidManifest.xml:14:22-77
21    <uses-permission
21-->[com.cometchat:chat-uikit-android:4.3.16] AndroidManifest.xml:15:5-17:38
22        android:name="android.permission.WRITE_EXTERNAL_STORAGE"
22-->[com.cometchat:chat-uikit-android:4.3.16] AndroidManifest.xml:16:9-65
23        android:maxSdkVersion="32" />
23-->[com.cometchat:chat-uikit-android:4.3.16] AndroidManifest.xml:17:9-35
24    <uses-permission android:name="android.permission.VIBRATE" />
24-->[com.cometchat:chat-uikit-android:4.3.16] AndroidManifest.xml:21:5-66
24-->[com.cometchat:chat-uikit-android:4.3.16] AndroidManifest.xml:21:22-63
25
26    <queries>
26-->[com.cometchat:chat-uikit-android:4.3.16] AndroidManifest.xml:23:5-37:15
27        <intent>
27-->[com.cometchat:chat-uikit-android:4.3.16] AndroidManifest.xml:24:9-28:18
28            <action android:name="android.intent.action.GET_CONTENT" />
28-->[com.cometchat:chat-uikit-android:4.3.16] AndroidManifest.xml:25:13-72
28-->[com.cometchat:chat-uikit-android:4.3.16] AndroidManifest.xml:25:21-69
29
30            <data android:mimeType="image/* video/*" />
30-->[com.cometchat:chat-uikit-android:4.3.16] AndroidManifest.xml:27:13-56
30-->[com.cometchat:chat-uikit-android:4.3.16] AndroidManifest.xml:27:19-53
31        </intent>
32        <intent>
32-->[com.cometchat:chat-uikit-android:4.3.16] AndroidManifest.xml:29:9-33:18
33            <action android:name="android.intent.action.PICK" />
33-->[com.cometchat:chat-uikit-android:4.3.16] AndroidManifest.xml:30:13-65
33-->[com.cometchat:chat-uikit-android:4.3.16] AndroidManifest.xml:30:21-62
34
35            <data android:mimeType="image/* video/*" />
35-->[com.cometchat:chat-uikit-android:4.3.16] AndroidManifest.xml:27:13-56
35-->[com.cometchat:chat-uikit-android:4.3.16] AndroidManifest.xml:27:19-53
36        </intent>
37        <intent>
37-->[com.cometchat:chat-uikit-android:4.3.16] AndroidManifest.xml:34:9-36:18
38            <action android:name="android.intent.action.CHOOSER" />
38-->[com.cometchat:chat-uikit-android:4.3.16] AndroidManifest.xml:35:13-68
38-->[com.cometchat:chat-uikit-android:4.3.16] AndroidManifest.xml:35:21-65
39        </intent>
40    </queries>
41
42    <uses-permission android:name="android.permission.BLUETOOTH" />
42-->[com.cometchat:calls-sdk-android:4.0.2] AndroidManifest.xml:12:5-68
42-->[com.cometchat:calls-sdk-android:4.0.2] AndroidManifest.xml:12:22-65
43    <uses-permission android:name="android.permission.BLUETOOTH_CONNECT" />
43-->[com.cometchat:calls-sdk-android:4.0.2] AndroidManifest.xml:13:5-76
43-->[com.cometchat:calls-sdk-android:4.0.2] AndroidManifest.xml:13:22-73
44    <uses-permission android:name="android.permission.BLUETOOTH_CONNECT" />
44-->[com.cometchat:calls-sdk-android:4.0.2] AndroidManifest.xml:13:5-76
44-->[com.cometchat:calls-sdk-android:4.0.2] AndroidManifest.xml:13:22-73
45    <uses-permission android:name="android.permission.MANAGE_OWN_CALLS" />
45-->[com.cometchat:calls-sdk-android:4.0.2] AndroidManifest.xml:17:5-75
45-->[com.cometchat:calls-sdk-android:4.0.2] AndroidManifest.xml:17:22-72
46    <uses-permission android:name="android.permission.SYSTEM_ALERT_WINDOW" />
46-->[com.cometchat:calls-sdk-android:4.0.2] AndroidManifest.xml:20:5-78
46-->[com.cometchat:calls-sdk-android:4.0.2] AndroidManifest.xml:20:22-75
47    <uses-permission android:name="android.permission.ACCESS_WIFI_STATE" />
47-->[com.cometchat:calls-sdk-android:4.0.2] AndroidManifest.xml:22:5-76
47-->[com.cometchat:calls-sdk-android:4.0.2] AndroidManifest.xml:22:22-73
48    <uses-permission android:name="android.permission.FOREGROUND_SERVICE" />
48-->[com.cometchat:calls-sdk-android:4.0.2] AndroidManifest.xml:23:5-77
48-->[com.cometchat:calls-sdk-android:4.0.2] AndroidManifest.xml:23:22-74
49
50    <uses-feature
50-->[com.cometchat:calls-sdk-android:4.0.2] AndroidManifest.xml:25:5-27:35
51        android:glEsVersion="0x00020000"
51-->[com.cometchat:calls-sdk-android:4.0.2] AndroidManifest.xml:26:9-41
52        android:required="true" />
52-->[com.cometchat:calls-sdk-android:4.0.2] AndroidManifest.xml:27:9-32
53
54    <permission
54-->[androidx.core:core:1.9.0] AndroidManifest.xml:22:5-24:47
55        android:name="com.cometchat.javasampleapp.DYNAMIC_RECEIVER_NOT_EXPORTED_PERMISSION"
55-->[androidx.core:core:1.9.0] AndroidManifest.xml:23:9-81
56        android:protectionLevel="signature" />
56-->[androidx.core:core:1.9.0] AndroidManifest.xml:24:9-44
57
58    <uses-permission android:name="com.cometchat.javasampleapp.DYNAMIC_RECEIVER_NOT_EXPORTED_PERMISSION" />
58-->[androidx.core:core:1.9.0] AndroidManifest.xml:26:5-97
58-->[androidx.core:core:1.9.0] AndroidManifest.xml:26:22-94
59
60    <application
60-->src\main\AndroidManifest.xml:10:5-56:19
61        android:name="com.cometchat.javasampleapp.Application"
61-->src\main\AndroidManifest.xml:11:9-63
62        android:allowBackup="true"
62-->src\main\AndroidManifest.xml:12:9-35
63        android:appComponentFactory="androidx.core.app.CoreComponentFactory"
63-->[androidx.core:core:1.9.0] AndroidManifest.xml:28:18-86
64        android:dataExtractionRules="@xml/data_extraction_rules"
64-->src\main\AndroidManifest.xml:13:9-65
65        android:exported="true"
65-->[com.cometchat:calls-sdk-android:4.0.2] AndroidManifest.xml:30:9-32
66        android:extractNativeLibs="true"
67        android:fullBackupContent="@xml/backup_rules"
67-->src\main\AndroidManifest.xml:14:9-54
68        android:hardwareAccelerated="true"
68-->[com.cometchat:chat-uikit-android:4.3.16] AndroidManifest.xml:40:9-43
69        android:icon="@mipmap/ic_launcher"
69-->src\main\AndroidManifest.xml:15:9-43
70        android:label="@string/app_name"
70-->src\main\AndroidManifest.xml:16:9-41
71        android:requestLegacyExternalStorage="true"
71-->src\main\AndroidManifest.xml:17:9-52
72        android:roundIcon="@mipmap/ic_launcher_round"
72-->src\main\AndroidManifest.xml:18:9-54
73        android:supportsRtl="true"
73-->src\main\AndroidManifest.xml:19:9-35
74        android:testOnly="true"
75        android:theme="@style/Theme.JavaSampleApp"
75-->src\main\AndroidManifest.xml:20:9-51
76        android:usesCleartextTraffic="true" >
76-->[com.cometchat:calls-sdk-android:4.0.2] AndroidManifest.xml:32:9-44
77        <activity
77-->src\main\AndroidManifest.xml:22:9-25:52
78            android:name="com.cometchat.javasampleapp.activity.CreateUserActivity"
78-->src\main\AndroidManifest.xml:23:13-56
79            android:exported="false"
79-->src\main\AndroidManifest.xml:24:13-37
80            android:screenOrientation="portrait" />
80-->src\main\AndroidManifest.xml:25:13-49
81        <activity
81-->src\main\AndroidManifest.xml:26:9-29:52
82            android:name="com.cometchat.javasampleapp.activity.ComponentLaunchActivity"
82-->src\main\AndroidManifest.xml:27:13-61
83            android:exported="false"
83-->src\main\AndroidManifest.xml:28:13-37
84            android:screenOrientation="portrait" />
84-->src\main\AndroidManifest.xml:29:13-49
85        <activity
85-->src\main\AndroidManifest.xml:30:9-33:52
86            android:name="com.cometchat.javasampleapp.activity.ComponentListActivity"
86-->src\main\AndroidManifest.xml:31:13-59
87            android:exported="false"
87-->src\main\AndroidManifest.xml:32:13-37
88            android:screenOrientation="portrait" />
88-->src\main\AndroidManifest.xml:33:13-49
89        <activity
89-->src\main\AndroidManifest.xml:34:9-37:52
90            android:name="com.cometchat.javasampleapp.activity.LoginActivity"
90-->src\main\AndroidManifest.xml:35:13-51
91            android:exported="false"
91-->src\main\AndroidManifest.xml:36:13-37
92            android:screenOrientation="portrait" />
92-->src\main\AndroidManifest.xml:37:13-49
93        <activity
93-->src\main\AndroidManifest.xml:38:9-41:52
94            android:name="com.cometchat.javasampleapp.activity.HomeActivity"
94-->src\main\AndroidManifest.xml:39:13-50
95            android:exported="false"
95-->src\main\AndroidManifest.xml:40:13-37
96            android:screenOrientation="portrait" />
96-->src\main\AndroidManifest.xml:41:13-49
97        <activity
97-->src\main\AndroidManifest.xml:42:9-51:20
98            android:name="com.cometchat.javasampleapp.activity.MainActivity"
98-->src\main\AndroidManifest.xml:43:13-50
99            android:exported="true"
99-->src\main\AndroidManifest.xml:44:13-36
100            android:screenOrientation="portrait" >
100-->src\main\AndroidManifest.xml:45:13-49
101            <intent-filter>
101-->src\main\AndroidManifest.xml:46:13-50:29
102                <action android:name="android.intent.action.MAIN" />
102-->src\main\AndroidManifest.xml:47:17-69
102-->src\main\AndroidManifest.xml:47:25-66
103
104                <category android:name="android.intent.category.LAUNCHER" />
104-->src\main\AndroidManifest.xml:49:17-77
104-->src\main\AndroidManifest.xml:49:27-74
105            </intent-filter>
106        </activity>
107
108        <meta-data
108-->src\main\AndroidManifest.xml:53:9-55:57
109            android:name="preloaded_fonts"
109-->src\main\AndroidManifest.xml:54:13-43
110            android:resource="@array/preloaded_fonts" />
110-->src\main\AndroidManifest.xml:55:13-54
111
112        <activity
112-->[com.cometchat:chat-uikit-android:4.3.16] AndroidManifest.xml:44:9-46:71
113            android:name="com.cometchat.chatuikit.shared.permission.CometChatPermissionActivity"
113-->[com.cometchat:chat-uikit-android:4.3.16] AndroidManifest.xml:45:13-97
114            android:theme="@style/UiKit.Internal.Theme.Transparent" />
114-->[com.cometchat:chat-uikit-android:4.3.16] AndroidManifest.xml:46:13-68
115        <activity
115-->[com.cometchat:chat-uikit-android:4.3.16] AndroidManifest.xml:47:9-54:20
116            android:name="com.cometchat.chatuikit.users.CometChatUserActivity"
116-->[com.cometchat:chat-uikit-android:4.3.16] AndroidManifest.xml:48:13-79
117            android:exported="false"
117-->[com.cometchat:chat-uikit-android:4.3.16] AndroidManifest.xml:49:13-37
118            android:screenOrientation="portrait" >
118-->[com.cometchat:chat-uikit-android:4.3.16] AndroidManifest.xml:50:13-49
119            <meta-data
119-->[com.cometchat:chat-uikit-android:4.3.16] AndroidManifest.xml:51:13-53:36
120                android:name="android.app.lib_name"
120-->[com.cometchat:chat-uikit-android:4.3.16] AndroidManifest.xml:52:17-52
121                android:value="" />
121-->[com.cometchat:chat-uikit-android:4.3.16] AndroidManifest.xml:53:17-33
122        </activity>
123        <activity
123-->[com.cometchat:chat-uikit-android:4.3.16] AndroidManifest.xml:55:9-62:20
124            android:name="com.cometchat.chatuikit.groups.CometChatGroupActivity"
124-->[com.cometchat:chat-uikit-android:4.3.16] AndroidManifest.xml:56:13-81
125            android:exported="false"
125-->[com.cometchat:chat-uikit-android:4.3.16] AndroidManifest.xml:57:13-37
126            android:screenOrientation="portrait" >
126-->[com.cometchat:chat-uikit-android:4.3.16] AndroidManifest.xml:58:13-49
127            <meta-data
127-->[com.cometchat:chat-uikit-android:4.3.16] AndroidManifest.xml:51:13-53:36
128                android:name="android.app.lib_name"
128-->[com.cometchat:chat-uikit-android:4.3.16] AndroidManifest.xml:52:17-52
129                android:value="" />
129-->[com.cometchat:chat-uikit-android:4.3.16] AndroidManifest.xml:53:17-33
130        </activity>
131        <activity
131-->[com.cometchat:chat-uikit-android:4.3.16] AndroidManifest.xml:63:9-66:52
132            android:name="com.cometchat.chatuikit.calls.calldetails.CallLogDetailsActivity"
132-->[com.cometchat:chat-uikit-android:4.3.16] AndroidManifest.xml:64:13-92
133            android:exported="true"
133-->[com.cometchat:chat-uikit-android:4.3.16] AndroidManifest.xml:65:13-36
134            android:screenOrientation="portrait" />
134-->[com.cometchat:chat-uikit-android:4.3.16] AndroidManifest.xml:66:13-49
135        <activity
135-->[com.cometchat:chat-uikit-android:4.3.16] AndroidManifest.xml:67:9-70:52
136            android:name="com.cometchat.chatuikit.calls.CometChatCallActivity"
136-->[com.cometchat:chat-uikit-android:4.3.16] AndroidManifest.xml:68:13-79
137            android:exported="true"
137-->[com.cometchat:chat-uikit-android:4.3.16] AndroidManifest.xml:69:13-36
138            android:screenOrientation="portrait" />
138-->[com.cometchat:chat-uikit-android:4.3.16] AndroidManifest.xml:70:13-49
139        <activity
139-->[com.cometchat:chat-uikit-android:4.3.16] AndroidManifest.xml:71:9-78:20
140            android:name="com.cometchat.chatuikit.messages.MessageActivity"
140-->[com.cometchat:chat-uikit-android:4.3.16] AndroidManifest.xml:72:13-76
141            android:exported="true"
141-->[com.cometchat:chat-uikit-android:4.3.16] AndroidManifest.xml:73:13-36
142            android:screenOrientation="portrait" >
142-->[com.cometchat:chat-uikit-android:4.3.16] AndroidManifest.xml:74:13-49
143            <meta-data
143-->[com.cometchat:chat-uikit-android:4.3.16] AndroidManifest.xml:51:13-53:36
144                android:name="android.app.lib_name"
144-->[com.cometchat:chat-uikit-android:4.3.16] AndroidManifest.xml:52:17-52
145                android:value="" />
145-->[com.cometchat:chat-uikit-android:4.3.16] AndroidManifest.xml:53:17-33
146        </activity>
147        <activity
147-->[com.cometchat:chat-uikit-android:4.3.16] AndroidManifest.xml:79:9-82:52
148            android:name="com.cometchat.chatuikit.threadedmessages.ThreadedMessagesActivity"
148-->[com.cometchat:chat-uikit-android:4.3.16] AndroidManifest.xml:80:13-93
149            android:exported="false"
149-->[com.cometchat:chat-uikit-android:4.3.16] AndroidManifest.xml:81:13-37
150            android:screenOrientation="portrait" />
150-->[com.cometchat:chat-uikit-android:4.3.16] AndroidManifest.xml:82:13-49
151        <activity
151-->[com.cometchat:chat-uikit-android:4.3.16] AndroidManifest.xml:83:9-86:52
152            android:name="com.cometchat.chatuikit.extensions.collaborative.CometChatWebViewActivity"
152-->[com.cometchat:chat-uikit-android:4.3.16] AndroidManifest.xml:84:13-101
153            android:exported="false"
153-->[com.cometchat:chat-uikit-android:4.3.16] AndroidManifest.xml:85:13-37
154            android:screenOrientation="portrait" />
154-->[com.cometchat:chat-uikit-android:4.3.16] AndroidManifest.xml:86:13-49
155        <activity
155-->[com.cometchat:chat-uikit-android:4.3.16] AndroidManifest.xml:87:9-90:39
156            android:name="com.cometchat.chatuikit.shared.views.mediaview.CometChatMediaViewActivity"
156-->[com.cometchat:chat-uikit-android:4.3.16] AndroidManifest.xml:88:13-101
157            android:configChanges="orientation|screenSize|screenLayout|smallestScreenSize"
157-->[com.cometchat:chat-uikit-android:4.3.16] AndroidManifest.xml:89:13-91
158            android:exported="true" />
158-->[com.cometchat:chat-uikit-android:4.3.16] AndroidManifest.xml:90:13-36
159
160        <meta-data
160-->[com.cometchat:chat-uikit-android:4.3.16] AndroidManifest.xml:92:9-94:48
161            android:name="com.cometchat.chatuikit"
161-->[com.cometchat:chat-uikit-android:4.3.16] AndroidManifest.xml:93:13-51
162            android:value="com.cometchat.javasampleapp" />
162-->[com.cometchat:chat-uikit-android:4.3.16] AndroidManifest.xml:94:13-45
163
164        <provider
164-->[com.cometchat:chat-uikit-android:4.3.16] AndroidManifest.xml:96:9-104:20
165            android:name="androidx.core.content.FileProvider"
165-->[com.cometchat:chat-uikit-android:4.3.16] AndroidManifest.xml:97:13-62
166            android:authorities="com.cometchat.javasampleapp.provider"
166-->[com.cometchat:chat-uikit-android:4.3.16] AndroidManifest.xml:98:13-60
167            android:exported="false"
167-->[com.cometchat:chat-uikit-android:4.3.16] AndroidManifest.xml:99:13-37
168            android:grantUriPermissions="true" >
168-->[com.cometchat:chat-uikit-android:4.3.16] AndroidManifest.xml:100:13-47
169            <meta-data
169-->[com.cometchat:chat-uikit-android:4.3.16] AndroidManifest.xml:101:13-103:57
170                android:name="android.support.FILE_PROVIDER_PATHS"
170-->[com.cometchat:chat-uikit-android:4.3.16] AndroidManifest.xml:102:17-67
171                android:resource="@xml/provider_path" />
171-->[com.cometchat:chat-uikit-android:4.3.16] AndroidManifest.xml:103:17-54
172        </provider>
173
174        <activity
174-->[com.cometchat:calls-sdk-android:4.0.2] AndroidManifest.xml:34:9-36:40
175            android:name="com.cometchat.calls.CallScreenActivity"
175-->[com.cometchat:calls-sdk-android:4.0.2] AndroidManifest.xml:35:13-66
176            android:exported="false" />
176-->[com.cometchat:calls-sdk-android:4.0.2] AndroidManifest.xml:36:13-37
177
178        <provider
178-->[androidx.emoji2:emoji2:1.2.0] AndroidManifest.xml:24:9-32:20
179            android:name="androidx.startup.InitializationProvider"
179-->[androidx.emoji2:emoji2:1.2.0] AndroidManifest.xml:25:13-67
180            android:authorities="com.cometchat.javasampleapp.androidx-startup"
180-->[androidx.emoji2:emoji2:1.2.0] AndroidManifest.xml:26:13-68
181            android:exported="false" >
181-->[androidx.emoji2:emoji2:1.2.0] AndroidManifest.xml:27:13-37
182            <meta-data
182-->[androidx.emoji2:emoji2:1.2.0] AndroidManifest.xml:29:13-31:52
183                android:name="androidx.emoji2.text.EmojiCompatInitializer"
183-->[androidx.emoji2:emoji2:1.2.0] AndroidManifest.xml:30:17-75
184                android:value="androidx.startup" />
184-->[androidx.emoji2:emoji2:1.2.0] AndroidManifest.xml:31:17-49
185            <meta-data
185-->[androidx.lifecycle:lifecycle-process:2.4.1] AndroidManifest.xml:31:13-33:52
186                android:name="androidx.lifecycle.ProcessLifecycleInitializer"
186-->[androidx.lifecycle:lifecycle-process:2.4.1] AndroidManifest.xml:32:17-78
187                android:value="androidx.startup" />
187-->[androidx.lifecycle:lifecycle-process:2.4.1] AndroidManifest.xml:33:17-49
188        </provider>
189
190        <uses-library
190-->[androidx.window:window:1.0.0] AndroidManifest.xml:25:9-27:40
191            android:name="androidx.window.extensions"
191-->[androidx.window:window:1.0.0] AndroidManifest.xml:26:13-54
192            android:required="false" />
192-->[androidx.window:window:1.0.0] AndroidManifest.xml:27:13-37
193        <uses-library
193-->[androidx.window:window:1.0.0] AndroidManifest.xml:28:9-30:40
194            android:name="androidx.window.sidecar"
194-->[androidx.window:window:1.0.0] AndroidManifest.xml:29:13-51
195            android:required="false" />
195-->[androidx.window:window:1.0.0] AndroidManifest.xml:30:13-37
196    </application>
197
198</manifest>